<?xml version="1.0" encoding="UTF-8"?>
<!-- Generated by org.testng.reporters.JUnitXMLReporter -->
<testsuite hostname="DESKTOP-QL9EG6H" ignored="4" name="Default test" tests="1" failures="0" timestamp="2021-07-25T11:57:47 IST" time="22.598" errors="0">
  <testcase name="verifyProductInCart" time="13.357" classname="com.greenkart.testCases.HomePageTest"/>
  <testcase name="verifyTitleOfPage" time="0.0" classname="com.greenkart.testCases.HomePageTest">
    <ignored/>
  </testcase> <!-- verifyTitleOfPage -->
  <testcase name="verifyLogoOfHomePage" time="0.0" classname="com.greenkart.testCases.HomePageTest">
    <ignored/>
  </testcase> <!-- verifyLogoOfHomePage -->
  <testcase name="VerifyTopDealsLink" time="0.0" classname="com.greenkart.testCases.HomePageTest">
    <ignored/>
  </testcase> <!-- VerifyTopDealsLink -->
  <testcase name="VerifyFlightBookingLink" time="0.0" classname="com.greenkart.testCases.HomePageTest">
    <ignored/>
  </testcase> <!-- VerifyFlightBookingLink -->
</testsuite> <!-- Default test -->
