<?xml version="1.0" encoding="UTF-8"?>
<!-- Generated by org.testng.reporters.JUnitXMLReporter -->
<testsuite hostname="DESKTOP-QL9EG6H" ignored="4" name="Test" tests="1" failures="0" timestamp="2021-07-25T12:25:07 IST" time="19.738" errors="0">
  <testcase name="verifyProductInCart" time="11.146" classname="com.greenkart.testCases.HomePageTest"/>
  <testcase name="verifyTitleOfPage" time="0.0" classname="com.greenkart.testCases.HomePageTest">
    <ignored/>
  </testcase> <!-- verifyTitleOfPage -->
  <testcase name="verifyLogoOfHomePage" time="0.0" classname="com.greenkart.testCases.HomePageTest">
    <ignored/>
  </testcase> <!-- verifyLogoOfHomePage -->
  <testcase name="VerifyTopDealsLink" time="0.0" classname="com.greenkart.testCases.HomePageTest">
    <ignored/>
  </testcase> <!-- VerifyTopDealsLink -->
  <testcase name="VerifyFlightBookingLink" time="0.0" classname="com.greenkart.testCases.HomePageTest">
    <ignored/>
  </testcase> <!-- VerifyFlightBookingLink -->
</testsuite> <!-- Test -->
