<?xml version="1.0" encoding="UTF-8"?>
<testng-results skipped="0" failed="0" ignored="4" total="5" passed="1">
  <reporter-output>
  </reporter-output>
  <suite name="Suite" duration-ms="19738" started-at="2021-07-25T12:24:47 IST" finished-at="2021-07-25T12:25:07 IST">
    <groups>
    </groups>
    <test name="Test" duration-ms="19738" started-at="2021-07-25T12:24:47 IST" finished-at="2021-07-25T12:25:07 IST">
      <class name="com.greenkart.testCases.HomePageTest">
        <test-method status="PASS" signature="setUp()[pri:0, instance:com.greenkart.testCases.HomePageTest@25bbe1b6]" name="setUp" is-config="true" duration-ms="7273" started-at="2021-07-25T12:24:47 IST" finished-at="2021-07-25T12:24:54 IST">
          <reporter-output>
          </reporter-output>
        </test-method> <!-- setUp -->
        <test-method status="PASS" signature="verifyProductInCart()[pri:4, instance:com.greenkart.testCases.HomePageTest@25bbe1b6]" name="verifyProductInCart" duration-ms="11146" started-at="2021-07-25T12:24:54 IST" finished-at="2021-07-25T12:25:05 IST">
          <reporter-output>
          </reporter-output>
        </test-method> <!-- verifyProductInCart -->
        <test-method status="PASS" signature="tearDown()[pri:0, instance:com.greenkart.testCases.HomePageTest@25bbe1b6]" name="tearDown" is-config="true" duration-ms="1221" started-at="2021-07-25T12:25:05 IST" finished-at="2021-07-25T12:25:07 IST">
          <reporter-output>
          </reporter-output>
        </test-method> <!-- tearDown -->
      </class> <!-- com.greenkart.testCases.HomePageTest -->
    </test> <!-- Test -->
  </suite> <!-- Suite -->
</testng-results>
